\BOOKMARK [1][-]{section*.1}{\376\377\144\130\211\201}{}% 1
\BOOKMARK [1][-]{section*.2}{\376\377\000A\000b\000s\000t\000r\000a\000c\000t}{}% 2
\BOOKMARK [1][-]{section.1}{\376\377\137\025\212\000}{}% 3
\BOOKMARK [2][-]{subsection.1.1}{\376\377\170\024\172\166\151\202\217\360}{section.1}% 4
\BOOKMARK [3][-]{subsubsection.1.1.1}{\376\377\170\024\172\166\200\314\146\157}{subsection.1.1}% 5
\BOOKMARK [3][-]{subsubsection.1.1.2}{\376\377\170\024\172\166\141\017\116\111}{subsection.1.1}% 6
\BOOKMARK [2][-]{subsection.1.2}{\376\377\170\024\172\166\163\260\162\266\116\016\145\271\154\325}{section.1}% 7
\BOOKMARK [3][-]{subsubsection.1.2.1}{\376\377\170\024\172\166\163\260\162\266}{subsection.1.2}% 8
\BOOKMARK [3][-]{subsubsection.1.2.2}{\376\377\170\024\172\166\145\271\154\325}{subsection.1.2}% 9
\BOOKMARK [1][-]{section.2}{\376\377\143\007\150\007\220\011\123\326\116\016\145\160\143\156\213\364\146\016}{}% 10
\BOOKMARK [2][-]{subsection.2.1}{\376\377\143\007\150\007\166\204\220\011\123\326}{section.2}% 11
\BOOKMARK [2][-]{subsection.2.2}{\376\377\145\160\143\156\154\107\140\073\123\312\147\145\156\220\213\364\146\016}{section.2}% 12
\BOOKMARK [1][-]{section.3}{\376\377\170\024\172\166\120\107\213\276\116\016\123\330\221\317\213\364\146\016}{}% 13
\BOOKMARK [2][-]{subsection.3.1}{\376\377\170\024\172\166\120\107\213\276}{section.3}% 14
\BOOKMARK [3][-]{subsubsection.3.1.1}{\376\377\123\167\171\357\171\136\176\317\177\121\176\334\377\010\000C\000N\000N\377\011\116\016\225\177\167\355\147\037\213\260\137\306\177\121\176\334\377\010\000L\000S\000T\000M\377\011\166\204\176\323\124\010}{subsection.3.1}% 15
\BOOKMARK [3][-]{subsubsection.3.1.2}{\376\377\145\366\225\364\136\217\122\027\145\160\143\156\166\204\123\357\211\306\123\026\116\016\152\041\127\213\230\204\155\113\200\375\122\233}{subsection.3.1}% 16
\BOOKMARK [3][-]{subsubsection.3.1.3}{\376\377\131\047\211\304\152\041\145\160\143\156\131\004\164\006\116\016\152\041\127\213\145\110\163\207}{subsection.3.1}% 17
\BOOKMARK [3][-]{subsubsection.3.1.4}{\376\377\126\376\120\317\150\300\175\042\116\373\122\241\116\055\166\204\000L\000G\000E\000S\000D\152\041\127\213}{subsection.3.1}% 18
\BOOKMARK [2][-]{subsection.3.2}{\376\377\123\330\221\317\213\364\146\016}{section.3}% 19
\BOOKMARK [1][-]{section.4}{\376\377\152\041\127\213\147\204\136\372\116\016\122\006\147\220}{}% 20
\BOOKMARK [2][-]{subsection.4.1}{\376\377\000L\000S\000T\000M\225\177\167\355\145\366\213\260\137\306\177\121\176\334}{section.4}% 21
\BOOKMARK [3][-]{subsubsection.4.1.1}{\376\377\173\227\154\325\116\313\176\315}{subsection.4.1}% 22
\BOOKMARK [3][-]{subsubsection.4.1.2}{\376\377\145\160\143\156\230\204\131\004\164\006}{subsection.4.1}% 23
\BOOKMARK [3][-]{subsubsection.4.1.3}{\376\377\152\041\127\213\136\372\172\313}{subsection.4.1}% 24
\BOOKMARK [3][-]{subsubsection.4.1.4}{\376\377\133\236\232\214\176\323\147\234}{subsection.4.1}% 25
\BOOKMARK [3][-]{subsubsection.4.1.5}{\376\377\122\033\145\260\170\024\172\166}{subsection.4.1}% 26
\BOOKMARK [2][-]{subsection.4.2}{\376\377\000L\000G\000E\000S\000D\176\306\174\222\136\246\124\310\136\014\126\376\120\317\150\300\175\042\152\041\127\213}{section.4}% 27
\BOOKMARK [3][-]{subsubsection.4.2.1}{\376\377\152\041\127\213\116\313\176\315}{subsection.4.2}% 28
\BOOKMARK [3][-]{subsubsection.4.2.2}{\376\377\145\164\117\123\150\106\147\266\213\276\213\241}{subsection.4.2}% 29
\BOOKMARK [3][-]{subsubsection.4.2.3}{\376\377\127\372\116\216\146\076\137\017\215\205\121\110\232\214\166\204\172\172\225\364\210\160\121\317\154\350\141\017\147\072\122\066}{subsection.4.2}% 30
\BOOKMARK [3][-]{subsubsection.4.2.4}{\376\377\143\137\131\061\121\375\145\160\213\276\213\241}{subsection.4.2}% 31
\BOOKMARK [3][-]{subsubsection.4.2.5}{\376\377\133\236\232\214\217\307\172\013\213\276\213\241}{subsection.4.2}% 32
\BOOKMARK [3][-]{subsubsection.4.2.6}{\376\377\133\236\232\214\142\147\210\114\176\323\147\234}{subsection.4.2}% 33
\BOOKMARK [3][-]{subsubsection.4.2.7}{\376\377\133\236\232\214\176\323\147\234\122\006\147\220}{subsection.4.2}% 34
\BOOKMARK [1][-]{section.5}{\376\377\170\024\172\166\213\304\116\367\116\016\134\125\147\033}{}% 35
\BOOKMARK [2][-]{subsection.5.1}{\376\377\170\024\172\166\166\204\117\030\122\277\116\113\131\004}{section.5}% 36
\BOOKMARK [3][-]{subsubsection.5.1.1}{\376\377\131\047\145\160\143\156\163\257\130\203\145\271\227\142}{subsection.5.1}% 37
\BOOKMARK [3][-]{subsubsection.5.1.2}{\376\377\152\041\127\213\166\204\123\357\142\151\134\125\140\047\124\214\154\333\123\026\200\375\122\233}{subsection.5.1}% 38
\BOOKMARK [3][-]{subsubsection.5.1.3}{\376\377\150\106\147\266\213\276\213\241\145\271\227\142}{subsection.5.1}% 39
\BOOKMARK [3][-]{subsubsection.5.1.4}{\376\377\152\041\127\213\213\304\117\060\166\204\121\150\227\142\140\047}{subsection.5.1}% 40
\BOOKMARK [2][-]{subsection.5.2}{\376\377\170\024\172\166\166\204\122\243\122\277\116\113\131\004}{section.5}% 41
\BOOKMARK [3][-]{subsubsection.5.2.1}{\376\377\145\160\143\156\117\235\215\126\140\047}{subsection.5.2}% 42
\BOOKMARK [3][-]{subsubsection.5.2.2}{\376\377\213\241\173\227\215\104\156\220}{subsection.5.2}% 43
\BOOKMARK [3][-]{subsubsection.5.2.3}{\376\377\154\333\123\026\200\375\122\233\166\204\217\333\116\000\153\145\232\214\213\301}{subsection.5.2}% 44
\BOOKMARK [2][-]{subsection.5.3}{\376\377\170\024\172\166\140\073\176\323\116\016\134\125\147\033}{section.5}% 45
\BOOKMARK [3][-]{subsubsection.5.3.1}{\376\377\145\260\127\213\166\204\155\367\124\010\152\041\127\213}{subsection.5.3}% 46
\BOOKMARK [3][-]{subsubsection.5.3.2}{\376\377\145\260\127\213\166\204\172\172\225\364\210\160\121\317\154\350\141\017\147\072\122\066}{subsection.5.3}% 47
\BOOKMARK [3][-]{subsubsection.5.3.3}{\376\377\170\024\172\166\134\125\147\033}{subsection.5.3}% 48
\BOOKMARK [1][-]{section*.35}{\376\377\123\302\200\003\145\207\163\056}{}% 49
\BOOKMARK [1][-]{section*.36}{\376\377\226\104\137\125}{}% 50
